Arguments: 
  C:\Program Files\nodejs\node.exe C:\Users\ejx\AppData\Roaming\npm\node_modules\yarn\bin\yarn.js install

PATH: 
  C:\Users\ejx\bin;C:\Users\ejx\AppData\Local\Programs\Git\mingw64\bin;C:\Users\ejx\AppData\Local\Programs\Git\usr\local\bin;C:\Users\ejx\AppData\Local\Programs\Git\usr\bin;C:\Users\ejx\AppData\Local\Programs\Git\usr\bin;C:\Users\ejx\AppData\Local\Programs\Git\mingw64\bin;C:\Users\ejx\AppData\Local\Programs\Git\usr\bin;C:\Users\ejx\bin;C:\Program Files\Common Files\Oracle\Java\javapath;C:\WINDOWS\system32;C:\WINDOWS;C:\WINDOWS\System32\Wbem;C:\WINDOWS\System32\WindowsPowerShell\v1.0;C:\HashiCorp\Vagrant\bin;C:\Program Files\nodejs;C:\apache-maven-3.9.4\bin;C:\Program Files\Git\cmd;C:\Program Files\Java\jdk-17.0.4;C:\Users\ejx\AppData\Local\Microsoft\WindowsApps;C:\Users\ejx\AppData\Roaming\npm;C:\Users\ejx\AppData\Local\Programs\Git\cmd;C:\Users\ejx\AppData\Local\Programs\Microsoft VS Code\bin;C:\Users\ejx\AppData\Local\JetBrains\Toolbox\scripts;C:\Users\ejx\AppData\Local\Programs\Git\usr\bin\vendor_perl;C:\Users\ejx\AppData\Local\Programs\Git\usr\bin\core_perl

Yarn version: 
  1.22.19

Node version: 
  16.16.0

Platform: 
  win32 x64

Trace: 
  SyntaxError: C:\Users\ejx\js-simple-tasks\package.json: Unexpected token } in JSON at position 1826
      at JSON.parse (<anonymous>)
      at C:\Users\ejx\AppData\Roaming\npm\node_modules\yarn\lib\cli.js:1629:59
      at Generator.next (<anonymous>)
      at step (C:\Users\ejx\AppData\Roaming\npm\node_modules\yarn\lib\cli.js:310:30)
      at C:\Users\ejx\AppData\Roaming\npm\node_modules\yarn\lib\cli.js:321:13

npm manifest: 
  {
      "name": "tasks",
      "version": "0.1.0",
      "private": true,
      "dependencies": {
          "react": "^18.2.0",
          "react-dom": "^18.2.0",
          "react-scripts": "5.0.1",
          "typescript": "^5.2.2",
          "web-vitals": "^2.1.4"
      },
      "scripts": {
          "start": "react-scripts start",
          "build": "react-scripts build",
          "test": "react-scripts test",
          "eject": "react-scripts eject",
          "prettier-all": "prettier --write \"{,!(node_modules|dist|build|coverage|.cache-loader|.idea)/**/}*.{js,jsx,ts,tsx,json,md,scss}\"",
          "prepare": "husky install"
      },
      "eslintConfig": {
          "extends": [
              "react-app",
              "react-app/jest",
              "plugin:prettier/recommended"
          ]
      },
      "browserslist": {
          "production": [
              ">0.2%",
              "not dead",
              "not op_mini all"
          ],
          "development": [
              "last 1 chrome version",
              "last 1 firefox version",
              "last 1 safari version"
          ]
      },
      "devDependencies": {
          "@testing-library/jest-dom": "^5.17.0",
          "@testing-library/react": "^13.4.0",
          "@testing-library/user-event": "^13.5.0",
          "@types/jest": "^29.5.5",
          "@types/node": "^20.6.5",
          "@types/react": "^18.2.22",
          "@types/react-dom": "^18.2.7",
          "eslint": "^8.49.0",
          "eslint-config-airbnb-base": "^15.0.0",
          "eslint-config-prettier": "^9.0.0",
          "eslint-import-resolver-alias": "^1.1.2",
          "eslint-import-resolver-typescript": "^3.6.0",
          "eslint-plugin-import": "^2.28.1",
          "eslint-plugin-react": "^7.33.2",
          "eslint-plugin-simple-import-sort": "^10.0.0",
          "husky": "^8.0.0",
          "lint-staged": "^14.0.1",
          "prettier": "^3.0.3",
      }
  }

yarn manifest: 
  No manifest

Lockfile: 
  No lockfile
